# JRE version: OpenJDK Runtime Environment GraalVM CE 22.0.0-dev (17.0+35) (build 17+35-jvmci-21.3-b03)
# Java VM: OpenJDK 64-Bit Server VM GraalVM CE 22.0.0-dev (17+35-jvmci-21.3-b03, mixed mode, sharing, tiered, jvmci, jvmci compiler, compressed oops, compressed class ptrs, g1 gc, windows-amd64)
GC Precious Log:
 CPUs: 12 total, 12 available
 Memory: 16158M
 Large Page Support: Disabled
 NUMA Support: Disabled
 Compressed Oops: Enabled (Zero based)
 Heap Region Size: 2M
 Heap Min Capacity: 8M
 Heap Initial Capacity: 254M
 Heap Max Capacity: 4040M
 Pre-touch: Disabled
 Parallel Workers: 10
 Concurrent Workers: 3
 Concurrent Refinement Workers: 10
 Periodic GC: Disabled
Heap:
 garbage-first heap   total 477184K, used 380589K [0x0000000703800000, 0x0000000800000000)
  region size 2048K, 38 young (77824K), 6 survivors (12288K)
 Metaspace       used 28200K, committed 28416K, reserved 1081344K
  class space    used 2805K, committed 2944K, reserved 1048576K
GC Heap History (20 events):
Event: 46.004 GC heap before
{Heap before GC invocations=38 (full 0):
 garbage-first heap   total 276480K, used 209274K [0x0000000703800000, 0x0000000800000000)
  region size 2048K, 31 young (63488K), 1 survivors (2048K)
 Metaspace       used 28080K, committed 28352K, reserved 1081344K
  class space    used 2803K, committed 2944K, reserved 1048576K
}
Event: 46.015 GC heap after
{Heap after GC invocations=39 (full 0):
 garbage-first heap   total 276480K, used 161792K [0x0000000703800000, 0x0000000800000000)
  region size 2048K, 4 young (8192K), 4 survivors (8192K)
 Metaspace       used 28080K, committed 28352K, reserved 1081344K
  class space    used 2803K, committed 2944K, reserved 1048576K
}
Event: 49.503 GC heap before
{Heap before GC invocations=40 (full 0):
 garbage-first heap   total 276480K, used 212992K [0x0000000703800000, 0x0000000800000000)
  region size 2048K, 30 young (61440K), 4 survivors (8192K)
 Metaspace       used 28084K, committed 28352K, reserved 1081344K
  class space    used 2803K, committed 2944K, reserved 1048576K
}
Event: 49.518 GC heap after
{Heap after GC invocations=41 (full 0):
 garbage-first heap   total 276480K, used 175198K [0x0000000703800000, 0x0000000800000000)
  region size 2048K, 4 young (8192K), 4 survivors (8192K)
 Metaspace       used 28084K, committed 28352K, reserved 1081344K
  class space    used 2803K, committed 2944K, reserved 1048576K
}
Event: 49.603 GC heap before
{Heap before GC invocations=41 (full 0):
 garbage-first heap   total 276480K, used 177246K [0x0000000703800000, 0x0000000800000000)
  region size 2048K, 6 young (12288K), 4 survivors (8192K)
 Metaspace       used 28093K, committed 28352K, reserved 1081344K
  class space    used 2803K, committed 2944K, reserved 1048576K
}
Event: 49.611 GC heap after
{Heap after GC invocations=42 (full 0):
 garbage-first heap   total 276480K, used 177396K [0x0000000703800000, 0x0000000800000000)
  region size 2048K, 1 young (2048K), 1 survivors (2048K)
 Metaspace       used 28093K, committed 28352K, reserved 1081344K
  class space    used 2803K, committed 2944K, reserved 1048576K
}
Event: 50.000 GC heap before
{Heap before GC invocations=42 (full 0):
 garbage-first heap   total 276480K, used 218356K [0x0000000703800000, 0x0000000800000000)
  region size 2048K, 21 young (43008K), 1 survivors (2048K)
 Metaspace       used 28106K, committed 28352K, reserved 1081344K
  class space    used 2804K, committed 2944K, reserved 1048576K
}
Event: 50.006 GC heap after
{Heap after GC invocations=43 (full 0):
 garbage-first heap   total 276480K, used 188254K [0x0000000703800000, 0x0000000800000000)
  region size 2048K, 3 young (6144K), 3 survivors (6144K)
 Metaspace       used 28106K, committed 28352K, reserved 1081344K
  class space    used 2804K, committed 2944K, reserved 1048576K
}
Event: 50.473 GC heap before
{Heap before GC invocations=43 (full 0):
 garbage-first heap   total 276480K, used 223070K [0x0000000703800000, 0x0000000800000000)
  region size 2048K, 20 young (40960K), 3 survivors (6144K)
 Metaspace       used 28108K, committed 28352K, reserved 1081344K
  class space    used 2804K, committed 2944K, reserved 1048576K
}
Event: 50.484 GC heap after
{Heap after GC invocations=44 (full 0):
 garbage-first heap   total 276480K, used 197229K [0x0000000703800000, 0x0000000800000000)
  region size 2048K, 3 young (6144K), 3 survivors (6144K)
 Metaspace       used 28108K, committed 28352K, reserved 1081344K
  class space    used 2804K, committed 2944K, reserved 1048576K
}
Event: 50.786 GC heap before
{Heap before GC invocations=44 (full 0):
 garbage-first heap   total 276480K, used 225901K [0x0000000703800000, 0x0000000800000000)
  region size 2048K, 17 young (34816K), 3 survivors (6144K)
 Metaspace       used 28114K, committed 28352K, reserved 1081344K
  class space    used 2804K, committed 2944K, reserved 1048576K
}
Event: 50.794 GC heap after
{Heap after GC invocations=45 (full 0):
 garbage-first heap   total 477184K, used 204124K [0x0000000703800000, 0x0000000800000000)
  region size 2048K, 3 young (6144K), 3 survivors (6144K)
 Metaspace       used 28114K, committed 28352K, reserved 1081344K
  class space    used 2804K, committed 2944K, reserved 1048576K
}
Event: 54.278 GC heap before
{Heap before GC invocations=45 (full 0):
 garbage-first heap   total 477184K, used 413020K [0x0000000703800000, 0x0000000800000000)
  region size 2048K, 71 young (145408K), 3 survivors (6144K)
 Metaspace       used 28121K, committed 28352K, reserved 1081344K
  class space    used 2804K, committed 2944K, reserved 1048576K
}
Event: 54.307 GC heap after
{Heap after GC invocations=46 (full 0):
 garbage-first heap   total 477184K, used 251737K [0x0000000703800000, 0x0000000800000000)
  region size 2048K, 9 young (18432K), 9 survivors (18432K)
 Metaspace       used 28121K, committed 28352K, reserved 1081344K
  class space    used 2804K, committed 2944K, reserved 1048576K
}
Event: 64.101 GC heap before
{Heap before GC invocations=46 (full 0):
 garbage-first heap   total 477184K, used 356185K [0x0000000703800000, 0x0000000800000000)
  region size 2048K, 60 young (122880K), 9 survivors (18432K)
 Metaspace       used 28121K, committed 28352K, reserved 1081344K
  class space    used 2804K, committed 2944K, reserved 1048576K
}
Event: 64.116 GC heap after
{Heap after GC invocations=47 (full 0):
 garbage-first heap   total 477184K, used 271247K [0x0000000703800000, 0x0000000800000000)
  region size 2048K, 8 young (16384K), 8 survivors (16384K)
 Metaspace       used 28121K, committed 28352K, reserved 1081344K
  class space    used 2804K, committed 2944K, reserved 1048576K
}
Event: 68.616 GC heap before
{Heap before GC invocations=47 (full 0):
 garbage-first heap   total 477184K, used 367503K [0x0000000703800000, 0x0000000800000000)
  region size 2048K, 55 young (112640K), 8 survivors (16384K)
 Metaspace       used 28163K, committed 28416K, reserved 1081344K
  class space    used 2804K, committed 2944K, reserved 1048576K
}
Event: 68.631 GC heap after
{Heap after GC invocations=48 (full 0):
 garbage-first heap   total 477184K, used 293959K [0x0000000703800000, 0x0000000800000000)
  region size 2048K, 7 young (14336K), 7 survivors (14336K)
 Metaspace       used 28163K, committed 28416K, reserved 1081344K
  class space    used 2804K, committed 2944K, reserved 1048576K
}
Event: 73.566 GC heap before
{Heap before GC invocations=48 (full 0):
 garbage-first heap   total 477184K, used 377927K [0x0000000703800000, 0x0000000800000000)
  region size 2048K, 48 young (98304K), 7 survivors (14336K)
 Metaspace       used 28189K, committed 28416K, reserved 1081344K
  class space    used 2804K, committed 2944K, reserved 1048576K
}
Event: 73.601 GC heap after
{Heap after GC invocations=49 (full 0):
 garbage-first heap   total 477184K, used 317101K [0x0000000703800000, 0x0000000800000000)
  region size 2048K, 6 young (12288K), 6 survivors (12288K)
 Metaspace       used 28189K, committed 28416K, reserved 1081344K
  class space    used 2804K, committed 2944K, reserved 1048576K
}

